<?xml version="1.0" encoding="UTF-8"?>
<!-- Generated by org.testng.reporters.JUnitXMLReporter -->
<testsuite hostname="DESKTOP-8DAP2QS" ignored="0" name="Formy_Registration" tests="7" failures="0" timestamp="19 Sep 2021 09:50:47 GMT" time="12.752" errors="0">
  <testcase name="a_pageLoad" time="10.717" classname="testNGFramework.Formy"/>
  <testcase name="b_fName" time="0.407" classname="testNGFramework.Formy"/>
  <testcase name="c_lName" time="0.313" classname="testNGFramework.Formy"/>
  <testcase name="d_jTitle" time="0.245" classname="testNGFramework.Formy"/>
  <testcase name="e_college" time="0.191" classname="testNGFramework.Formy"/>
  <testcase name="f_gen" time="0.173" classname="testNGFramework.Formy"/>
  <testcase name="g_exp" time="0.613" classname="testNGFramework.Formy"/>
</testsuite> <!-- Formy_Registration -->
