<?xml version="1.0" encoding="UTF-8"?>
<!-- Generated by org.testng.reporters.JUnitXMLReporter -->
<testsuite hostname="DESKTOP-8DAP2QS" ignored="0" name="Formy_user_Reg" tests="7" failures="0" timestamp="19 Sep 2021 10:29:44 GMT" time="14.07" errors="0">
  <testcase name="a_pageLoad" time="12.235" classname="testNGFramework.Formy"/>
  <testcase name="b_fName" time="0.507" classname="testNGFramework.Formy"/>
  <testcase name="c_lName" time="0.205" classname="testNGFramework.Formy"/>
  <testcase name="d_jTitle" time="0.191" classname="testNGFramework.Formy"/>
  <testcase name="e_college" time="0.178" classname="testNGFramework.Formy"/>
  <testcase name="f_gen" time="0.143" classname="testNGFramework.Formy"/>
  <testcase name="g_exp" time="0.575" classname="testNGFramework.Formy"/>
</testsuite> <!-- Formy_user_Reg -->
