<?xml version="1.0" encoding="UTF-8"?>
<!-- Generated by org.testng.reporters.JUnitXMLReporter -->
<testsuite hostname="DESKTOP-8DAP2QS" ignored="3" name="Grouping" tests="3" failures="0" timestamp="20 Sep 2021 03:09:14 GMT" time="0.133" errors="0">
  <testcase name="f2" time="0.046" classname="testNGFramework.GroupingConcept"/>
  <testcase name="f4" time="0.005" classname="testNGFramework.GroupingConcept"/>
  <testcase name="f6" time="0.004" classname="testNGFramework.GroupingConcept"/>
  <testcase name="f5" time="0.0" classname="testNGFramework.GroupingConcept">
    <ignored/>
  </testcase> <!-- f5 -->
  <testcase name="f1" time="0.0" classname="testNGFramework.GroupingConcept">
    <ignored/>
  </testcase> <!-- f1 -->
  <testcase name="f3" time="0.0" classname="testNGFramework.GroupingConcept">
    <ignored/>
  </testcase> <!-- f3 -->
</testsuite> <!-- Grouping -->
