<?xml version="1.0" encoding="UTF-8"?>
<!-- Generated by org.testng.reporters.JUnitXMLReporter -->
<testsuite hostname="DESKTOP-8DAP2QS" ignored="0" name="Petstore_User_Registration" tests="4" failures="0" timestamp="19 Sep 2021 09:42:04 GMT" time="21.769" errors="0">
  <testcase name="pageLoad" time="14.05" classname="testNGFramework.PetStore"/>
  <testcase name="userInfo" time="0.876" classname="testNGFramework.PetStore"/>
  <testcase name="acctInfo" time="1.874" classname="testNGFramework.PetStore"/>
  <testcase name="perInfo" time="4.904" classname="testNGFramework.PetStore"/>
</testsuite> <!-- Petstore_User_Registration -->
