<?xml version="1.0" encoding="UTF-8"?>
<!-- Generated by org.testng.reporters.JUnitXMLReporter -->
<testsuite hostname="DESKTOP-8DAP2QS" ignored="0" name="petstore_user_reg" tests="4" failures="0" timestamp="19 Sep 2021 10:29:30 GMT" time="16.828" errors="0">
  <testcase name="pageLoad" time="8.109" classname="testNGFramework.PetStore"/>
  <testcase name="userInfo" time="0.682" classname="testNGFramework.PetStore"/>
  <testcase name="acctInfo" time="1.685" classname="testNGFramework.PetStore"/>
  <testcase name="perInfo" time="6.247" classname="testNGFramework.PetStore"/>
</testsuite> <!-- petstore_user_reg -->
