<?xml version="1.0" encoding="UTF-8"?>
<!-- Generated by org.testng.reporters.JUnitXMLReporter -->
<testsuite hostname="DESKTOP-8DAP2QS" ignored="0" name="Search_Product" tests="5" failures="0" timestamp="19 Sep 2021 18:54:05 GMT" time="36.962" errors="0">
  <testcase name="a_pageload" time="21.505" classname="testNGFramework.Flipkart"/>
  <testcase name="b_closeLogin" time="0.834" classname="testNGFramework.Flipkart"/>
  <testcase name="c_search" time="1.23" classname="testNGFramework.Flipkart"/>
  <testcase name="d_selectProduct" time="5.305" classname="testNGFramework.Flipkart"/>
  <testcase name="e_getPageTitle" time="8.019" classname="testNGFramework.Flipkart"/>
</testsuite> <!-- Search_Product -->
