<?xml version="1.0" encoding="UTF-8"?>
<!-- Generated by org.testng.reporters.JUnitXMLReporter -->
<testsuite hostname="DESKTOP-8DAP2QS" ignored="0" name="User_Registration" tests="3" failures="0" timestamp="20 Sep 2021 05:21:38 GMT" time="59.482" errors="0">
  <testcase name="a_pageLoad" time="20.785" classname="testNGFramework.Rediff"/>
  <testcase name="b_createAccount" time="6.423" classname="testNGFramework.Rediff"/>
  <testcase name="c_captcha" time="32.071" classname="testNGFramework.Rediff"/>
</testsuite> <!-- User_Registration -->
