<?xml version="1.0" encoding="UTF-8"?>
<!-- Generated by org.testng.reporters.JUnitXMLReporter -->
<testsuite hostname="DESKTOP-8DAP2QS" ignored="0" name="Formy_user_Reg" tests="7" failures="0" timestamp="19 Sep 2021 18:57:10 GMT" time="17.276" errors="0">
  <testcase name="a_pageLoad" time="15.644" classname="testNGFramework.Formy"/>
  <testcase name="b_fName" time="0.312" classname="testNGFramework.Formy"/>
  <testcase name="c_lName" time="0.232" classname="testNGFramework.Formy"/>
  <testcase name="d_jTitle" time="0.224" classname="testNGFramework.Formy"/>
  <testcase name="e_college" time="0.192" classname="testNGFramework.Formy"/>
  <testcase name="f_gen" time="0.192" classname="testNGFramework.Formy"/>
  <testcase name="g_exp" time="0.448" classname="testNGFramework.Formy"/>
</testsuite> <!-- Formy_user_Reg -->
