<?xml version="1.0" encoding="UTF-8"?>
<!-- Generated by org.testng.reporters.JUnitXMLReporter -->
<testsuite hostname="DESKTOP-8DAP2QS" ignored="0" name="petstore_user_reg" tests="4" failures="0" timestamp="19 Sep 2021 18:56:53 GMT" time="22.915" errors="0">
  <testcase name="pageLoad" time="13.341" classname="testNGFramework.PetStore"/>
  <testcase name="userInfo" time="1.584" classname="testNGFramework.PetStore"/>
  <testcase name="acctInfo" time="1.898" classname="testNGFramework.PetStore"/>
  <testcase name="perInfo" time="6.004" classname="testNGFramework.PetStore"/>
</testsuite> <!-- petstore_user_reg -->
