<?xml version="1.0" encoding="UTF-8"?>
<!-- Generated by org.testng.reporters.JUnitXMLReporter -->
<testsuite hostname="DESKTOP-8DAP2QS" ignored="0" name="Search_Product" tests="5" failures="0" timestamp="19 Sep 2021 18:58:35 GMT" time="84.057" errors="0">
  <testcase name="a_pageload" time="45.53" classname="testNGFramework.Flipkart"/>
  <testcase name="b_closeLogin" time="0.408" classname="testNGFramework.Flipkart"/>
  <testcase name="c_search" time="0.733" classname="testNGFramework.Flipkart"/>
  <testcase name="d_selectProduct" time="5.279" classname="testNGFramework.Flipkart"/>
  <testcase name="e_getPageTitle" time="32.063" classname="testNGFramework.Flipkart"/>
</testsuite> <!-- Search_Product -->
